[debug] [2021-11-19T15:28:33.867Z] ----------------------------------------------------------------------
[debug] [2021-11-19T15:28:33.874Z] Command:       C:\Program Files\nodejs\node.exe C:\Users\Asus\AppData\Roaming\npm\node_modules\firebase-tools\lib\bin\firebase.js deploy
[debug] [2021-11-19T15:28:33.875Z] CLI Version:   9.21.0
[debug] [2021-11-19T15:28:33.875Z] Platform:      win32
[debug] [2021-11-19T15:28:33.875Z] Node Version:  v14.17.6
[debug] [2021-11-19T15:28:33.886Z] Time:          Fri Nov 19 2021 21:28:33 GMT+0600 (Bangladesh Standard Time)
[debug] [2021-11-19T15:28:33.886Z] ----------------------------------------------------------------------
[debug] 
[debug] [2021-11-19T15:28:34.016Z] > command requires scopes: ["email","openid","https://www.googleapis.com/auth/cloudplatformprojects.readonly","https://www.googleapis.com/auth/firebase","https://www.googleapis.com/auth/cloud-platform"]
[debug] [2021-11-19T15:28:34.016Z] > authorizing via signed-in user (arifbinsiddiq1@gmail.com)
[debug] [2021-11-19T15:28:34.017Z] [iam] checking project motobike-33b44 for permissions ["firebase.projects.get","firebasehosting.sites.update"]
[debug] [2021-11-19T15:28:34.021Z] >>> HTTP REQUEST POST https://cloudresourcemanager.googleapis.com/v1/projects/motobike-33b44:testIamPermissions  
 {"permissions":["firebase.projects.get","firebasehosting.sites.update"]}
[debug] [2021-11-19T15:28:34.091Z] [iam] error while checking permissions, command may fail: FirebaseError: Server Error. getaddrinfo ENOTFOUND cloudresourcemanager.googleapis.com
[debug] [2021-11-19T15:28:34.093Z] > refreshing access token with scopes: []
[debug] [2021-11-19T15:28:34.094Z] >>> HTTP REQUEST POST https://www.googleapis.com/oauth2/v3/token  
 <request body omitted>
[debug] [2021-11-19T15:28:34.101Z] Authentication Error: Your credentials are no longer valid. Please run firebase login --reauth

For CI servers and headless environments, generate a new token with firebase login:ci
[debug] [2021-11-19T15:28:34.110Z] FirebaseError: Authentication Error: Your credentials are no longer valid. Please run firebase login --reauth

For CI servers and headless environments, generate a new token with firebase login:ci
    at invalidCredentialError (C:\Users\Asus\AppData\Roaming\npm\node_modules\firebase-tools\lib\auth.js:141:12)
    at refreshTokens (C:\Users\Asus\AppData\Roaming\npm\node_modules\firebase-tools\lib\auth.js:448:15)
    at processTicksAndRejections (internal/process/task_queues.js:95:5)
    at async Client.getAccessToken (C:\Users\Asus\AppData\Roaming\npm\node_modules\firebase-tools\lib\apiv2.js:146:23)
    at async Client.addAuthHeader (C:\Users\Asus\AppData\Roaming\npm\node_modules\firebase-tools\lib\apiv2.js:137:21)
    at async Client.request (C:\Users\Asus\AppData\Roaming\npm\node_modules\firebase-tools\lib\apiv2.js:93:34)
    at async Object.getFirebaseProject (C:\Users\Asus\AppData\Roaming\npm\node_modules\firebase-tools\lib\management\projects.js:290:21)
    at async Object.getDefaultHostingSite (C:\Users\Asus\AppData\Roaming\npm\node_modules\firebase-tools\lib\getDefaultHostingSite.js:8:21)
    at async requireHostingSite (C:\Users\Asus\AppData\Roaming\npm\node_modules\firebase-tools\lib\requireHostingSite.js:9:18)
    at async Object.fn (C:\Users\Asus\AppData\Roaming\npm\node_modules\firebase-tools\lib\commands\deploy.js:65:9)
    at async C:\Users\Asus\AppData\Roaming\npm\node_modules\firebase-tools\lib\command.js:188:17
[error] 
[error] Error: Failed to get Firebase project motobike-33b44. Please make sure the project exists and your account has permission to access it.
